This file contains any messages produced by compilers while
running configure, to aid debugging if configure makes a mistake.

It was created by HMMER configure 3.2, which was
generated by GNU Autoconf 2.69.  Invocation command line was

  $ ./configure 

## --------- ##
## Platform. ##
## --------- ##

hostname = omics.soic.indiana.edu
uname -m = x86_64
uname -r = 2.6.32-696.23.1.el6.x86_64
uname -s = Linux
uname -v = #1 SMP Sat Feb 10 11:10:31 EST 2018

/usr/bin/uname -p = unknown
/bin/uname -X     = unknown

/bin/arch              = x86_64
/usr/bin/arch -k       = unknown
/usr/convex/getsysinfo = unknown
/usr/bin/hostinfo      = unknown
/bin/machine           = unknown
/usr/bin/oslevel       = unknown
/bin/universe          = unknown

PATH: /u/fsharifi/share/perl5/bin
PATH: /l/arm2/devtools/bin
PATH: /usr/lib64/qt-3.3/bin
PATH: /usr/kerberos/sbin
PATH: /usr/kerberos/bin
PATH: /usr/local/bin
PATH: /bin
PATH: /usr/bin
PATH: /usr/local/sbin
PATH: /usr/sbin
PATH: /sbin
PATH: /opt/dell/srvadmin/bin
PATH: /opt/dell/srvadmin/iSM/bin
PATH: /u/fsharifi/share/perl5
PATH: /home/fsharifi/local
PATH: /u/fsharifi/local
PATH: /u/fsharifi/bin
PATH: /home/team/longreads/apps
PATH: /u/fsharifi/apps
PATH: /nfs/nfs7/home/fsharifi/.local/lib/python2.7/site-packages
PATH: /u/fsharifi/apps/ncbi-blast-2.7.1+/bin
PATH: /u/fsharifi/bin
PATH: /nfs/nfs4/home/fsharifi/MOCAT/src
PATH: /nfs/nfs4/home/fsharifi/MOCAT/src
PATH: /nfs/nfs4/home/fsharifi/MOCAT/src
PATH: /home/fsharifi/MOCAT2/MOCAT/src
PATH: /home/fsharifi/MOCAT2/MOCAT/src
PATH: /home/fsharifi/MOCAT2/MOCAT/src
PATH: /u/fsharifi/edirect


## ----------- ##
## Core tests. ##
## ----------- ##

configure:2275: Configuring HMMER3 for your system.
configure:2428: checking build system type
configure:2442: result: x86_64-pc-linux-gnu
configure:2462: checking host system type
configure:2475: result: x86_64-pc-linux-gnu
configure:2658: checking for gcc
configure:2674: found /usr/bin/gcc
configure:2685: result: gcc
configure:2914: checking for C compiler version
configure:2923: gcc --version >&5
gcc (GCC) 4.4.7 20120313 (Red Hat 4.4.7-23)
Copyright (C) 2010 Free Software Foundation, Inc.
This is free software; see the source for copying conditions.  There is NO
warranty; not even for MERCHANTABILITY or FITNESS FOR A PARTICULAR PURPOSE.

configure:2934: $? = 0
configure:2923: gcc -v >&5
Using built-in specs.
Target: x86_64-redhat-linux
Configured with: ../configure --prefix=/usr --mandir=/usr/share/man --infodir=/usr/share/info --with-bugurl=http://bugzilla.redhat.com/bugzilla --enable-bootstrap --enable-shared --enable-threads=posix --enable-checking=release --with-system-zlib --enable-__cxa_atexit --disable-libunwind-exceptions --enable-gnu-unique-object --enable-languages=c,c++,objc,obj-c++,java,fortran,ada --enable-java-awt=gtk --disable-dssi --with-java-home=/usr/lib/jvm/java-1.5.0-gcj-1.5.0.0/jre --enable-libgcj-multifile --enable-java-maintainer-mode --with-ecj-jar=/usr/share/java/eclipse-ecj.jar --disable-libjava-multilib --with-ppl --with-cloog --with-tune=generic --with-arch_32=i686 --build=x86_64-redhat-linux
Thread model: posix
gcc version 4.4.7 20120313 (Red Hat 4.4.7-23) (GCC) 
configure:2934: $? = 0
configure:2923: gcc -V >&5
gcc: '-V' option must have argument
configure:2934: $? = 1
configure:2923: gcc -qversion >&5
gcc: unrecognized option '-qversion'
gcc: no input files
configure:2934: $? = 1
configure:2954: checking whether the C compiler works
configure:2976: gcc    conftest.c  >&5
configure:2980: $? = 0
configure:3028: result: yes
configure:3031: checking for C compiler default output file name
configure:3033: result: a.out
configure:3039: checking for suffix of executables
configure:3046: gcc -o conftest    conftest.c  >&5
configure:3050: $? = 0
configure:3072: result: 
configure:3094: checking whether we are cross compiling
configure:3102: gcc -o conftest    conftest.c  >&5
configure:3106: $? = 0
configure:3113: ./conftest
configure:3117: $? = 0
configure:3132: result: no
configure:3137: checking for suffix of object files
configure:3159: gcc -c   conftest.c >&5
configure:3163: $? = 0
configure:3184: result: o
configure:3188: checking whether we are using the GNU C compiler
configure:3207: gcc -c   conftest.c >&5
configure:3207: $? = 0
configure:3216: result: yes
configure:3225: checking whether gcc accepts -g
configure:3245: gcc -c -g  conftest.c >&5
configure:3245: $? = 0
configure:3286: result: yes
configure:3303: checking for gcc option to accept ISO C89
configure:3366: gcc  -c -g -O2  conftest.c >&5
configure:3366: $? = 0
configure:3379: result: none needed
configure:3404: checking how to run the C preprocessor
configure:3435: gcc -E  conftest.c
configure:3435: $? = 0
configure:3449: gcc -E  conftest.c
conftest.c:19:28: error: ac_nonexistent.h: No such file or directory
configure:3449: $? = 1
configure: failed program was:
| /* confdefs.h */
| #define PACKAGE_NAME "HMMER"
| #define PACKAGE_TARNAME "hmmer"
| #define PACKAGE_VERSION "3.2"
| #define PACKAGE_STRING "HMMER 3.2"
| #define PACKAGE_BUGREPORT "sean@eddylab.org"
| #define PACKAGE_URL ""
| #define HMMER_DATE "June 2018"
| #define HMMER_COPYRIGHT "Copyright (C) 2018 Howard Hughes Medical Institute."
| #define HMMER_LICENSE "Freely distributed under the BSD open source license."
| #define HMMER_VERSION "3.2"
| #define HMMER_URL "http://hmmer.org/"
| #define EASEL_DATE "June 2018"
| #define EASEL_COPYRIGHT "Copyright (C) 2018 Howard Hughes Medical Institute."
| #define EASEL_LICENSE "Freely distributed under the BSD open source license."
| #define EASEL_VERSION "0.44"
| #define eslDEBUGLEVEL 0
| /* end confdefs.h.  */
| #include <ac_nonexistent.h>
configure:3474: result: gcc -E
configure:3494: gcc -E  conftest.c
configure:3494: $? = 0
configure:3508: gcc -E  conftest.c
conftest.c:19:28: error: ac_nonexistent.h: No such file or directory
configure:3508: $? = 1
configure: failed program was:
| /* confdefs.h */
| #define PACKAGE_NAME "HMMER"
| #define PACKAGE_TARNAME "hmmer"
| #define PACKAGE_VERSION "3.2"
| #define PACKAGE_STRING "HMMER 3.2"
| #define PACKAGE_BUGREPORT "sean@eddylab.org"
| #define PACKAGE_URL ""
| #define HMMER_DATE "June 2018"
| #define HMMER_COPYRIGHT "Copyright (C) 2018 Howard Hughes Medical Institute."
| #define HMMER_LICENSE "Freely distributed under the BSD open source license."
| #define HMMER_VERSION "3.2"
| #define HMMER_URL "http://hmmer.org/"
| #define EASEL_DATE "June 2018"
| #define EASEL_COPYRIGHT "Copyright (C) 2018 Howard Hughes Medical Institute."
| #define EASEL_LICENSE "Freely distributed under the BSD open source license."
| #define EASEL_VERSION "0.44"
| #define eslDEBUGLEVEL 0
| /* end confdefs.h.  */
| #include <ac_nonexistent.h>
configure:3550: checking for a BSD-compatible install
configure:3618: result: /usr/bin/install -c
configure:3672: checking for ranlib
configure:3688: found /usr/bin/ranlib
configure:3699: result: ranlib
configure:3723: checking for ar
configure:3742: found /usr/bin/ar
configure:3755: result: /usr/bin/ar
configure:3763: checking whether ln -s works
configure:3767: result: yes
configure:3777: checking for C compiler vendor
configure:3824: gcc -c -g -O2  conftest.c >&5
conftest.c: In function 'main':
conftest.c:25: error: 'thisisanerror' undeclared (first use in this function)
conftest.c:25: error: (Each undeclared identifier is reported only once
conftest.c:25: error: for each function it appears in.)
configure:3824: $? = 1
configure: failed program was:
| /* confdefs.h */
| #define PACKAGE_NAME "HMMER"
| #define PACKAGE_TARNAME "hmmer"
| #define PACKAGE_VERSION "3.2"
| #define PACKAGE_STRING "HMMER 3.2"
| #define PACKAGE_BUGREPORT "sean@eddylab.org"
| #define PACKAGE_URL ""
| #define HMMER_DATE "June 2018"
| #define HMMER_COPYRIGHT "Copyright (C) 2018 Howard Hughes Medical Institute."
| #define HMMER_LICENSE "Freely distributed under the BSD open source license."
| #define HMMER_VERSION "3.2"
| #define HMMER_URL "http://hmmer.org/"
| #define EASEL_DATE "June 2018"
| #define EASEL_COPYRIGHT "Copyright (C) 2018 Howard Hughes Medical Institute."
| #define EASEL_LICENSE "Freely distributed under the BSD open source license."
| #define EASEL_VERSION "0.44"
| #define eslDEBUGLEVEL 0
| /* end confdefs.h.  */
| 
| int
| main ()
| {
| 
|       #if !(defined(__ICC) || defined(__ECC) || defined(__INTEL_COMPILER))
|         thisisanerror;
|       #endif
| 
|   ;
|   return 0;
| }
configure:3824: gcc -c -g -O2  conftest.c >&5
conftest.c: In function 'main':
conftest.c:25: error: 'thisisanerror' undeclared (first use in this function)
conftest.c:25: error: (Each undeclared identifier is reported only once
conftest.c:25: error: for each function it appears in.)
configure:3824: $? = 1
configure: failed program was:
| /* confdefs.h */
| #define PACKAGE_NAME "HMMER"
| #define PACKAGE_TARNAME "hmmer"
| #define PACKAGE_VERSION "3.2"
| #define PACKAGE_STRING "HMMER 3.2"
| #define PACKAGE_BUGREPORT "sean@eddylab.org"
| #define PACKAGE_URL ""
| #define HMMER_DATE "June 2018"
| #define HMMER_COPYRIGHT "Copyright (C) 2018 Howard Hughes Medical Institute."
| #define HMMER_LICENSE "Freely distributed under the BSD open source license."
| #define HMMER_VERSION "3.2"
| #define HMMER_URL "http://hmmer.org/"
| #define EASEL_DATE "June 2018"
| #define EASEL_COPYRIGHT "Copyright (C) 2018 Howard Hughes Medical Institute."
| #define EASEL_LICENSE "Freely distributed under the BSD open source license."
| #define EASEL_VERSION "0.44"
| #define eslDEBUGLEVEL 0
| /* end confdefs.h.  */
| 
| int
| main ()
| {
| 
|       #if !(defined(__xlc__) || defined(__xlC__) || defined(__IBMC__) || defined(__IBMCPP__))
|         thisisanerror;
|       #endif
| 
|   ;
|   return 0;
| }
configure:3824: gcc -c -g -O2  conftest.c >&5
conftest.c: In function 'main':
conftest.c:25: error: 'thisisanerror' undeclared (first use in this function)
conftest.c:25: error: (Each undeclared identifier is reported only once
conftest.c:25: error: for each function it appears in.)
configure:3824: $? = 1
configure: failed program was:
| /* confdefs.h */
| #define PACKAGE_NAME "HMMER"
| #define PACKAGE_TARNAME "hmmer"
| #define PACKAGE_VERSION "3.2"
| #define PACKAGE_STRING "HMMER 3.2"
| #define PACKAGE_BUGREPORT "sean@eddylab.org"
| #define PACKAGE_URL ""
| #define HMMER_DATE "June 2018"
| #define HMMER_COPYRIGHT "Copyright (C) 2018 Howard Hughes Medical Institute."
| #define HMMER_LICENSE "Freely distributed under the BSD open source license."
| #define HMMER_VERSION "3.2"
| #define HMMER_URL "http://hmmer.org/"
| #define EASEL_DATE "June 2018"
| #define EASEL_COPYRIGHT "Copyright (C) 2018 Howard Hughes Medical Institute."
| #define EASEL_LICENSE "Freely distributed under the BSD open source license."
| #define EASEL_VERSION "0.44"
| #define eslDEBUGLEVEL 0
| /* end confdefs.h.  */
| 
| int
| main ()
| {
| 
|       #if !(defined(__PATHCC__) || defined(__PATHSCALE__))
|         thisisanerror;
|       #endif
| 
|   ;
|   return 0;
| }
configure:3824: gcc -c -g -O2  conftest.c >&5
conftest.c: In function 'main':
conftest.c:25: error: 'thisisanerror' undeclared (first use in this function)
conftest.c:25: error: (Each undeclared identifier is reported only once
conftest.c:25: error: for each function it appears in.)
configure:3824: $? = 1
configure: failed program was:
| /* confdefs.h */
| #define PACKAGE_NAME "HMMER"
| #define PACKAGE_TARNAME "hmmer"
| #define PACKAGE_VERSION "3.2"
| #define PACKAGE_STRING "HMMER 3.2"
| #define PACKAGE_BUGREPORT "sean@eddylab.org"
| #define PACKAGE_URL ""
| #define HMMER_DATE "June 2018"
| #define HMMER_COPYRIGHT "Copyright (C) 2018 Howard Hughes Medical Institute."
| #define HMMER_LICENSE "Freely distributed under the BSD open source license."
| #define HMMER_VERSION "3.2"
| #define HMMER_URL "http://hmmer.org/"
| #define EASEL_DATE "June 2018"
| #define EASEL_COPYRIGHT "Copyright (C) 2018 Howard Hughes Medical Institute."
| #define EASEL_LICENSE "Freely distributed under the BSD open source license."
| #define EASEL_VERSION "0.44"
| #define eslDEBUGLEVEL 0
| /* end confdefs.h.  */
| 
| int
| main ()
| {
| 
|       #if !(defined(__clang__))
|         thisisanerror;
|       #endif
| 
|   ;
|   return 0;
| }
configure:3824: gcc -c -g -O2  conftest.c >&5
conftest.c: In function 'main':
conftest.c:25: error: 'thisisanerror' undeclared (first use in this function)
conftest.c:25: error: (Each undeclared identifier is reported only once
conftest.c:25: error: for each function it appears in.)
configure:3824: $? = 1
configure: failed program was:
| /* confdefs.h */
| #define PACKAGE_NAME "HMMER"
| #define PACKAGE_TARNAME "hmmer"
| #define PACKAGE_VERSION "3.2"
| #define PACKAGE_STRING "HMMER 3.2"
| #define PACKAGE_BUGREPORT "sean@eddylab.org"
| #define PACKAGE_URL ""
| #define HMMER_DATE "June 2018"
| #define HMMER_COPYRIGHT "Copyright (C) 2018 Howard Hughes Medical Institute."
| #define HMMER_LICENSE "Freely distributed under the BSD open source license."
| #define HMMER_VERSION "3.2"
| #define HMMER_URL "http://hmmer.org/"
| #define EASEL_DATE "June 2018"
| #define EASEL_COPYRIGHT "Copyright (C) 2018 Howard Hughes Medical Institute."
| #define EASEL_LICENSE "Freely distributed under the BSD open source license."
| #define EASEL_VERSION "0.44"
| #define eslDEBUGLEVEL 0
| /* end confdefs.h.  */
| 
| int
| main ()
| {
| 
|       #if !(defined(_CRAYC))
|         thisisanerror;
|       #endif
| 
|   ;
|   return 0;
| }
configure:3824: gcc -c -g -O2  conftest.c >&5
conftest.c: In function 'main':
conftest.c:25: error: 'thisisanerror' undeclared (first use in this function)
conftest.c:25: error: (Each undeclared identifier is reported only once
conftest.c:25: error: for each function it appears in.)
configure:3824: $? = 1
configure: failed program was:
| /* confdefs.h */
| #define PACKAGE_NAME "HMMER"
| #define PACKAGE_TARNAME "hmmer"
| #define PACKAGE_VERSION "3.2"
| #define PACKAGE_STRING "HMMER 3.2"
| #define PACKAGE_BUGREPORT "sean@eddylab.org"
| #define PACKAGE_URL ""
| #define HMMER_DATE "June 2018"
| #define HMMER_COPYRIGHT "Copyright (C) 2018 Howard Hughes Medical Institute."
| #define HMMER_LICENSE "Freely distributed under the BSD open source license."
| #define HMMER_VERSION "3.2"
| #define HMMER_URL "http://hmmer.org/"
| #define EASEL_DATE "June 2018"
| #define EASEL_COPYRIGHT "Copyright (C) 2018 Howard Hughes Medical Institute."
| #define EASEL_LICENSE "Freely distributed under the BSD open source license."
| #define EASEL_VERSION "0.44"
| #define eslDEBUGLEVEL 0
| /* end confdefs.h.  */
| 
| int
| main ()
| {
| 
|       #if !(defined(__FUJITSU))
|         thisisanerror;
|       #endif
| 
|   ;
|   return 0;
| }
configure:3824: gcc -c -g -O2  conftest.c >&5
configure:3824: $? = 0
configure:3832: result: gnu
configure:3840: checking for gcc option to accept ISO C99
configure:3989: gcc  -c -g -O2  conftest.c >&5
conftest.c:69: error: expected ';', ',' or ')' before 'text'
conftest.c: In function 'main':
conftest.c:123: error: expected '=', ',', ';', 'asm' or '__attribute__' before 'newvar'
conftest.c:123: error: 'newvar' undeclared (first use in this function)
conftest.c:123: error: (Each undeclared identifier is reported only once
conftest.c:123: error: for each function it appears in.)
conftest.c:133: error: 'for' loop initial declarations are only allowed in C99 mode
conftest.c:133: note: use option -std=c99 or -std=gnu99 to compile your code
configure:3989: $? = 1
configure: failed program was:
| /* confdefs.h */
| #define PACKAGE_NAME "HMMER"
| #define PACKAGE_TARNAME "hmmer"
| #define PACKAGE_VERSION "3.2"
| #define PACKAGE_STRING "HMMER 3.2"
| #define PACKAGE_BUGREPORT "sean@eddylab.org"
| #define PACKAGE_URL ""
| #define HMMER_DATE "June 2018"
| #define HMMER_COPYRIGHT "Copyright (C) 2018 Howard Hughes Medical Institute."
| #define HMMER_LICENSE "Freely distributed under the BSD open source license."
| #define HMMER_VERSION "3.2"
| #define HMMER_URL "http://hmmer.org/"
| #define EASEL_DATE "June 2018"
| #define EASEL_COPYRIGHT "Copyright (C) 2018 Howard Hughes Medical Institute."
| #define EASEL_LICENSE "Freely distributed under the BSD open source license."
| #define EASEL_VERSION "0.44"
| #define eslDEBUGLEVEL 0
| /* end confdefs.h.  */
| #include <stdarg.h>
| #include <stdbool.h>
| #include <stdlib.h>
| #include <wchar.h>
| #include <stdio.h>
| 
| // Check varargs macros.  These examples are taken from C99 6.10.3.5.
| #define debug(...) fprintf (stderr, __VA_ARGS__)
| #define showlist(...) puts (#__VA_ARGS__)
| #define report(test,...) ((test) ? puts (#test) : printf (__VA_ARGS__))
| static void
| test_varargs_macros (void)
| {
|   int x = 1234;
|   int y = 5678;
|   debug ("Flag");
|   debug ("X = %d\n", x);
|   showlist (The first, second, and third items.);
|   report (x>y, "x is %d but y is %d", x, y);
| }
| 
| // Check long long types.
| #define BIG64 18446744073709551615ull
| #define BIG32 4294967295ul
| #define BIG_OK (BIG64 / BIG32 == 4294967297ull && BIG64 % BIG32 == 0)
| #if !BIG_OK
|   your preprocessor is broken;
| #endif
| #if BIG_OK
| #else
|   your preprocessor is broken;
| #endif
| static long long int bignum = -9223372036854775807LL;
| static unsigned long long int ubignum = BIG64;
| 
| struct incomplete_array
| {
|   int datasize;
|   double data[];
| };
| 
| struct named_init {
|   int number;
|   const wchar_t *name;
|   double average;
| };
| 
| typedef const char *ccp;
| 
| static inline int
| test_restrict (ccp restrict text)
| {
|   // See if C++-style comments work.
|   // Iterate through items via the restricted pointer.
|   // Also check for declarations in for loops.
|   for (unsigned int i = 0; *(text+i) != '\0'; ++i)
|     continue;
|   return 0;
| }
| 
| // Check varargs and va_copy.
| static void
| test_varargs (const char *format, ...)
| {
|   va_list args;
|   va_start (args, format);
|   va_list args_copy;
|   va_copy (args_copy, args);
| 
|   const char *str;
|   int number;
|   float fnumber;
| 
|   while (*format)
|     {
|       switch (*format++)
| 	{
| 	case 's': // string
| 	  str = va_arg (args_copy, const char *);
| 	  break;
| 	case 'd': // int
| 	  number = va_arg (args_copy, int);
| 	  break;
| 	case 'f': // float
| 	  fnumber = va_arg (args_copy, double);
| 	  break;
| 	default:
| 	  break;
| 	}
|     }
|   va_end (args_copy);
|   va_end (args);
| }
| 
| int
| main ()
| {
| 
|   // Check bool.
|   _Bool success = false;
| 
|   // Check restrict.
|   if (test_restrict ("String literal") == 0)
|     success = true;
|   char *restrict newvar = "Another string";
| 
|   // Check varargs.
|   test_varargs ("s, d' f .", "string", 65, 34.234);
|   test_varargs_macros ();
| 
|   // Check flexible array members.
|   struct incomplete_array *ia =
|     malloc (sizeof (struct incomplete_array) + (sizeof (double) * 10));
|   ia->datasize = 10;
|   for (int i = 0; i < ia->datasize; ++i)
|     ia->data[i] = i * 1.234;
| 
|   // Check named initializers.
|   struct named_init ni = {
|     .number = 34,
|     .name = L"Test wide string",
|     .average = 543.34343,
|   };
| 
|   ni.number = 58;
| 
|   int dynamic_array[ni.number];
|   dynamic_array[ni.number - 1] = 543;
| 
|   // work around unused variable warnings
|   return (!success || bignum == 0LL || ubignum == 0uLL || newvar[0] == 'x'
| 	  || dynamic_array[ni.number - 1] != 543);
| 
|   ;
|   return 0;
| }
configure:3989: gcc -std=gnu99 -c -g -O2  conftest.c >&5
configure:3989: $? = 0
configure:4009: result: -std=gnu99
configure:4110: checking for gcc -std=gnu99 option to accept ISO Standard C
configure:4124: result: -std=gnu99
configure:4365: checking for a sed that does not truncate output
configure:4429: result: /bin/sed
configure:4435: checking for grep that handles long lines and -e
configure:4493: result: /bin/grep
configure:4498: checking for egrep
configure:4560: result: /bin/grep -E
configure:4748: checking whether gcc -std=gnu99 is Clang
configure:4773: result: no
configure:4896: checking whether pthreads work with -pthread
configure:4990: gcc -std=gnu99 -o conftest -O3 -pthread   conftest.c   >&5
configure:4990: $? = 0
configure:4999: result: yes
configure:5018: checking for joinable pthread attribute
configure:5036: gcc -std=gnu99 -o conftest -O3 -pthread   conftest.c   >&5
configure:5036: $? = 0
configure:5044: result: PTHREAD_CREATE_JOINABLE
configure:5058: checking whether more special flags are required for pthreads
configure:5071: result: no
configure:5079: checking for PTHREAD_PRIO_INHERIT
configure:5095: gcc -std=gnu99 -o conftest -O3 -pthread   conftest.c   >&5
conftest.c: In function 'main':
conftest.c:23: error: 'PTHREAD_PRIO_INHERIT' undeclared (first use in this function)
conftest.c:23: error: (Each undeclared identifier is reported only once
conftest.c:23: error: for each function it appears in.)
configure:5095: $? = 1
configure: failed program was:
| /* confdefs.h */
| #define PACKAGE_NAME "HMMER"
| #define PACKAGE_TARNAME "hmmer"
| #define PACKAGE_VERSION "3.2"
| #define PACKAGE_STRING "HMMER 3.2"
| #define PACKAGE_BUGREPORT "sean@eddylab.org"
| #define PACKAGE_URL ""
| #define HMMER_DATE "June 2018"
| #define HMMER_COPYRIGHT "Copyright (C) 2018 Howard Hughes Medical Institute."
| #define HMMER_LICENSE "Freely distributed under the BSD open source license."
| #define HMMER_VERSION "3.2"
| #define HMMER_URL "http://hmmer.org/"
| #define EASEL_DATE "June 2018"
| #define EASEL_COPYRIGHT "Copyright (C) 2018 Howard Hughes Medical Institute."
| #define EASEL_LICENSE "Freely distributed under the BSD open source license."
| #define EASEL_VERSION "0.44"
| #define eslDEBUGLEVEL 0
| /* end confdefs.h.  */
| #include <pthread.h>
| int
| main ()
| {
| int i = PTHREAD_PRIO_INHERIT;
|   ;
|   return 0;
| }
configure:5104: result: no
configure:5246: checking whether gcc -std=gnu99 can compile our Altivec/VMX code
configure:5278: gcc -std=gnu99 -o conftest -O3   conftest.c  >&5
conftest.c:22:21: error: altivec.h: No such file or directory
conftest.c: In function 'stub_vmx':
conftest.c:25: error: 'vector' undeclared (first use in this function)
conftest.c:25: error: (Each undeclared identifier is reported only once
conftest.c:25: error: for each function it appears in.)
conftest.c:25: error: expected ';' before 'signed'
conftest.c:26: error: expected specifier-qualifier-list before 'vector'
conftest.c:27: error: 'v1' undeclared (first use in this function)
conftest.c:27: warning: implicit declaration of function 'vec_splat_s32'
conftest.c:28: error: 'v2' undeclared (first use in this function)
conftest.c:29: error: 'union <anonymous>' has no member named 'v'
conftest.c:29: warning: implicit declaration of function 'vec_add'
conftest.c:30: error: 'union <anonymous>' has no member named 'x'
configure:5278: $? = 1
configure: failed program was:
| /* confdefs.h */
| #define PACKAGE_NAME "HMMER"
| #define PACKAGE_TARNAME "hmmer"
| #define PACKAGE_VERSION "3.2"
| #define PACKAGE_STRING "HMMER 3.2"
| #define PACKAGE_BUGREPORT "sean@eddylab.org"
| #define PACKAGE_URL ""
| #define HMMER_DATE "June 2018"
| #define HMMER_COPYRIGHT "Copyright (C) 2018 Howard Hughes Medical Institute."
| #define HMMER_LICENSE "Freely distributed under the BSD open source license."
| #define HMMER_VERSION "3.2"
| #define HMMER_URL "http://hmmer.org/"
| #define EASEL_DATE "June 2018"
| #define EASEL_COPYRIGHT "Copyright (C) 2018 Howard Hughes Medical Institute."
| #define EASEL_LICENSE "Freely distributed under the BSD open source license."
| #define EASEL_VERSION "0.44"
| #define eslDEBUGLEVEL 0
| #define HAVE_PTHREAD 1
| #define HMMER_THREADS 1
| /* end confdefs.h.  */
| 
| #include <altivec.h>
| #include <stdint.h>
| int stub_vmx(void) {
| vector signed int v1,v2;
| union { vector signed int v; int32_t x[4]; } v3;
| v1   = vec_splat_s32(6);
| v2   = vec_splat_s32(12);
| v3.v = vec_add(v1,v2);
| return (int) v3.x[0];}
| int main(void) { if (stub_vmx() != 18) return 1; else return 0; }
| 
configure:5278: gcc -std=gnu99 -o conftest -O3 -maltivec   conftest.c  >&5
cc1: error: unrecognized command line option "-maltivec"
configure:5278: $? = 1
configure: failed program was:
| /* confdefs.h */
| #define PACKAGE_NAME "HMMER"
| #define PACKAGE_TARNAME "hmmer"
| #define PACKAGE_VERSION "3.2"
| #define PACKAGE_STRING "HMMER 3.2"
| #define PACKAGE_BUGREPORT "sean@eddylab.org"
| #define PACKAGE_URL ""
| #define HMMER_DATE "June 2018"
| #define HMMER_COPYRIGHT "Copyright (C) 2018 Howard Hughes Medical Institute."
| #define HMMER_LICENSE "Freely distributed under the BSD open source license."
| #define HMMER_VERSION "3.2"
| #define HMMER_URL "http://hmmer.org/"
| #define EASEL_DATE "June 2018"
| #define EASEL_COPYRIGHT "Copyright (C) 2018 Howard Hughes Medical Institute."
| #define EASEL_LICENSE "Freely distributed under the BSD open source license."
| #define EASEL_VERSION "0.44"
| #define eslDEBUGLEVEL 0
| #define HAVE_PTHREAD 1
| #define HMMER_THREADS 1
| /* end confdefs.h.  */
| 
| #include <altivec.h>
| #include <stdint.h>
| int stub_vmx(void) {
| vector signed int v1,v2;
| union { vector signed int v; int32_t x[4]; } v3;
| v1   = vec_splat_s32(6);
| v2   = vec_splat_s32(12);
| v3.v = vec_add(v1,v2);
| return (int) v3.x[0];}
| int main(void) { if (stub_vmx() != 18) return 1; else return 0; }
| 
configure:5278: gcc -std=gnu99 -o conftest -O3 -faltivec   conftest.c  >&5
cc1: error: unrecognized command line option "-faltivec"
configure:5278: $? = 1
configure: failed program was:
| /* confdefs.h */
| #define PACKAGE_NAME "HMMER"
| #define PACKAGE_TARNAME "hmmer"
| #define PACKAGE_VERSION "3.2"
| #define PACKAGE_STRING "HMMER 3.2"
| #define PACKAGE_BUGREPORT "sean@eddylab.org"
| #define PACKAGE_URL ""
| #define HMMER_DATE "June 2018"
| #define HMMER_COPYRIGHT "Copyright (C) 2018 Howard Hughes Medical Institute."
| #define HMMER_LICENSE "Freely distributed under the BSD open source license."
| #define HMMER_VERSION "3.2"
| #define HMMER_URL "http://hmmer.org/"
| #define EASEL_DATE "June 2018"
| #define EASEL_COPYRIGHT "Copyright (C) 2018 Howard Hughes Medical Institute."
| #define EASEL_LICENSE "Freely distributed under the BSD open source license."
| #define EASEL_VERSION "0.44"
| #define eslDEBUGLEVEL 0
| #define HAVE_PTHREAD 1
| #define HMMER_THREADS 1
| /* end confdefs.h.  */
| 
| #include <altivec.h>
| #include <stdint.h>
| int stub_vmx(void) {
| vector signed int v1,v2;
| union { vector signed int v; int32_t x[4]; } v3;
| v1   = vec_splat_s32(6);
| v2   = vec_splat_s32(12);
| v3.v = vec_add(v1,v2);
| return (int) v3.x[0];}
| int main(void) { if (stub_vmx() != 18) return 1; else return 0; }
| 
configure:5287: result: no
configure:5329: checking whether gcc -std=gnu99 can compile our SSE code
configure:5361: gcc -std=gnu99 -o conftest -O3   conftest.c  >&5
configure:5361: $? = 0
configure:5375: result: yes
configure:5412: Activating Intel/AMD SSE vector DP implementation
configure:5444: checking whether _MM_SET_FLUSH_ZERO_MODE is supported
configure:5460: gcc -std=gnu99 -c -O3   conftest.c >&5
configure:5460: $? = 0
configure:5461: result: yes
configure:5477: checking compiler support --start-group
configure:5492: gcc -std=gnu99 -o conftest -O3  -Wl,--start-group -Wl,--end-group  conftest.c  >&5
configure:5492: $? = 0
configure:5493: result: yes
configure:5514: checking for gzip
configure:5532: found /bin/gzip
configure:5545: result: /bin/gzip
configure:5625: checking for library containing clock_gettime
configure:5656: gcc -std=gnu99 -o conftest -O3   conftest.c  >&5
/tmp/cccxAz8G.o: In function `main':
conftest.c:(.text+0x7): undefined reference to `clock_gettime'
collect2: ld returned 1 exit status
configure:5656: $? = 1
configure: failed program was:
| /* confdefs.h */
| #define PACKAGE_NAME "HMMER"
| #define PACKAGE_TARNAME "hmmer"
| #define PACKAGE_VERSION "3.2"
| #define PACKAGE_STRING "HMMER 3.2"
| #define PACKAGE_BUGREPORT "sean@eddylab.org"
| #define PACKAGE_URL ""
| #define HMMER_DATE "June 2018"
| #define HMMER_COPYRIGHT "Copyright (C) 2018 Howard Hughes Medical Institute."
| #define HMMER_LICENSE "Freely distributed under the BSD open source license."
| #define HMMER_VERSION "3.2"
| #define HMMER_URL "http://hmmer.org/"
| #define EASEL_DATE "June 2018"
| #define EASEL_COPYRIGHT "Copyright (C) 2018 Howard Hughes Medical Institute."
| #define EASEL_LICENSE "Freely distributed under the BSD open source license."
| #define EASEL_VERSION "0.44"
| #define eslDEBUGLEVEL 0
| #define HAVE_PTHREAD 1
| #define HMMER_THREADS 1
| #define eslENABLE_SSE 1
| #define HAVE_FLUSH_ZERO_MODE 1
| #define HAVE_GZIP 1
| /* end confdefs.h.  */
| 
| /* Override any GCC internal prototype to avoid an error.
|    Use char because int might match the return type of a GCC
|    builtin and then its argument prototype would still apply.  */
| #ifdef __cplusplus
| extern "C"
| #endif
| char clock_gettime ();
| int
| main ()
| {
| return clock_gettime ();
|   ;
|   return 0;
| }
configure:5656: gcc -std=gnu99 -o conftest -O3   conftest.c -lrt   >&5
configure:5656: $? = 0
configure:5673: result: -lrt
configure:5688: checking for ANSI C header files
configure:5708: gcc -std=gnu99 -c -O3  conftest.c >&5
configure:5708: $? = 0
configure:5781: gcc -std=gnu99 -o conftest -O3   conftest.c -lrt  >&5
configure:5781: $? = 0
configure:5781: ./conftest
configure:5781: $? = 0
configure:5792: result: yes
configure:5805: checking for sys/types.h
configure:5805: gcc -std=gnu99 -c -O3  conftest.c >&5
configure:5805: $? = 0
configure:5805: result: yes
configure:5805: checking for sys/stat.h
configure:5805: gcc -std=gnu99 -c -O3  conftest.c >&5
configure:5805: $? = 0
configure:5805: result: yes
configure:5805: checking for stdlib.h
configure:5805: gcc -std=gnu99 -c -O3  conftest.c >&5
configure:5805: $? = 0
configure:5805: result: yes
configure:5805: checking for string.h
configure:5805: gcc -std=gnu99 -c -O3  conftest.c >&5
configure:5805: $? = 0
configure:5805: result: yes
configure:5805: checking for memory.h
configure:5805: gcc -std=gnu99 -c -O3  conftest.c >&5
configure:5805: $? = 0
configure:5805: result: yes
configure:5805: checking for strings.h
configure:5805: gcc -std=gnu99 -c -O3  conftest.c >&5
configure:5805: $? = 0
configure:5805: result: yes
configure:5805: checking for inttypes.h
configure:5805: gcc -std=gnu99 -c -O3  conftest.c >&5
configure:5805: $? = 0
configure:5805: result: yes
configure:5805: checking for stdint.h
configure:5805: gcc -std=gnu99 -c -O3  conftest.c >&5
configure:5805: $? = 0
configure:5805: result: yes
configure:5805: checking for unistd.h
configure:5805: gcc -std=gnu99 -c -O3  conftest.c >&5
configure:5805: $? = 0
configure:5805: result: yes
configure:5827: checking endian.h usability
configure:5827: gcc -std=gnu99 -c -O3  conftest.c >&5
configure:5827: $? = 0
configure:5827: result: yes
configure:5827: checking endian.h presence
configure:5827: gcc -E  conftest.c
configure:5827: $? = 0
configure:5827: result: yes
configure:5827: checking for endian.h
configure:5827: result: yes
configure:5827: checking for inttypes.h
configure:5827: result: yes
configure:5827: checking for stdint.h
configure:5827: result: yes
configure:5827: checking for unistd.h
configure:5827: result: yes
configure:5827: checking for sys/types.h
configure:5827: result: yes
configure:5827: checking netinet/in.h usability
configure:5827: gcc -std=gnu99 -c -O3  conftest.c >&5
configure:5827: $? = 0
configure:5827: result: yes
configure:5827: checking netinet/in.h presence
configure:5827: gcc -E  conftest.c
configure:5827: $? = 0
configure:5827: result: yes
configure:5827: checking for netinet/in.h
configure:5827: result: yes
configure:5843: checking sys/param.h usability
configure:5843: gcc -std=gnu99 -c -O3  conftest.c >&5
configure:5843: $? = 0
configure:5843: result: yes
configure:5843: checking sys/param.h presence
configure:5843: gcc -E  conftest.c
configure:5843: $? = 0
configure:5843: result: yes
configure:5843: checking for sys/param.h
configure:5843: result: yes
configure:5855: checking for sys/sysctl.h
configure:5855: gcc -std=gnu99 -c -O3  conftest.c >&5
configure:5855: $? = 0
configure:5855: result: yes
configure:5897: checking whether byte ordering is bigendian
configure:5912: gcc -std=gnu99 -c -O3  conftest.c >&5
conftest.c:43: error: expected '=', ',', ';', 'asm' or '__attribute__' before 'a'
configure:5912: $? = 1
configure: failed program was:
| /* confdefs.h */
| #define PACKAGE_NAME "HMMER"
| #define PACKAGE_TARNAME "hmmer"
| #define PACKAGE_VERSION "3.2"
| #define PACKAGE_STRING "HMMER 3.2"
| #define PACKAGE_BUGREPORT "sean@eddylab.org"
| #define PACKAGE_URL ""
| #define HMMER_DATE "June 2018"
| #define HMMER_COPYRIGHT "Copyright (C) 2018 Howard Hughes Medical Institute."
| #define HMMER_LICENSE "Freely distributed under the BSD open source license."
| #define HMMER_VERSION "3.2"
| #define HMMER_URL "http://hmmer.org/"
| #define EASEL_DATE "June 2018"
| #define EASEL_COPYRIGHT "Copyright (C) 2018 Howard Hughes Medical Institute."
| #define EASEL_LICENSE "Freely distributed under the BSD open source license."
| #define EASEL_VERSION "0.44"
| #define eslDEBUGLEVEL 0
| #define HAVE_PTHREAD 1
| #define HMMER_THREADS 1
| #define eslENABLE_SSE 1
| #define HAVE_FLUSH_ZERO_MODE 1
| #define HAVE_GZIP 1
| #define STDC_HEADERS 1
| #define HAVE_SYS_TYPES_H 1
| #define HAVE_SYS_STAT_H 1
| #define HAVE_STDLIB_H 1
| #define HAVE_STRING_H 1
| #define HAVE_MEMORY_H 1
| #define HAVE_STRINGS_H 1
| #define HAVE_INTTYPES_H 1
| #define HAVE_STDINT_H 1
| #define HAVE_UNISTD_H 1
| #define HAVE_ENDIAN_H 1
| #define HAVE_INTTYPES_H 1
| #define HAVE_STDINT_H 1
| #define HAVE_UNISTD_H 1
| #define HAVE_SYS_TYPES_H 1
| #define HAVE_NETINET_IN_H 1
| #define HAVE_SYS_PARAM_H 1
| #define HAVE_SYS_SYSCTL_H 1
| /* end confdefs.h.  */
| #ifndef __APPLE_CC__
| 	       not a universal capable compiler
| 	     #endif
| 	     typedef int dummy;
| 
configure:5957: gcc -std=gnu99 -c -O3  conftest.c >&5
configure:5957: $? = 0
configure:5975: gcc -std=gnu99 -c -O3  conftest.c >&5
conftest.c: In function 'main':
conftest.c:49: error: 'not' undeclared (first use in this function)
conftest.c:49: error: (Each undeclared identifier is reported only once
conftest.c:49: error: for each function it appears in.)
conftest.c:49: error: expected ';' before 'big'
configure:5975: $? = 1
configure: failed program was:
| /* confdefs.h */
| #define PACKAGE_NAME "HMMER"
| #define PACKAGE_TARNAME "hmmer"
| #define PACKAGE_VERSION "3.2"
| #define PACKAGE_STRING "HMMER 3.2"
| #define PACKAGE_BUGREPORT "sean@eddylab.org"
| #define PACKAGE_URL ""
| #define HMMER_DATE "June 2018"
| #define HMMER_COPYRIGHT "Copyright (C) 2018 Howard Hughes Medical Institute."
| #define HMMER_LICENSE "Freely distributed under the BSD open source license."
| #define HMMER_VERSION "3.2"
| #define HMMER_URL "http://hmmer.org/"
| #define EASEL_DATE "June 2018"
| #define EASEL_COPYRIGHT "Copyright (C) 2018 Howard Hughes Medical Institute."
| #define EASEL_LICENSE "Freely distributed under the BSD open source license."
| #define EASEL_VERSION "0.44"
| #define eslDEBUGLEVEL 0
| #define HAVE_PTHREAD 1
| #define HMMER_THREADS 1
| #define eslENABLE_SSE 1
| #define HAVE_FLUSH_ZERO_MODE 1
| #define HAVE_GZIP 1
| #define STDC_HEADERS 1
| #define HAVE_SYS_TYPES_H 1
| #define HAVE_SYS_STAT_H 1
| #define HAVE_STDLIB_H 1
| #define HAVE_STRING_H 1
| #define HAVE_MEMORY_H 1
| #define HAVE_STRINGS_H 1
| #define HAVE_INTTYPES_H 1
| #define HAVE_STDINT_H 1
| #define HAVE_UNISTD_H 1
| #define HAVE_ENDIAN_H 1
| #define HAVE_INTTYPES_H 1
| #define HAVE_STDINT_H 1
| #define HAVE_UNISTD_H 1
| #define HAVE_SYS_TYPES_H 1
| #define HAVE_NETINET_IN_H 1
| #define HAVE_SYS_PARAM_H 1
| #define HAVE_SYS_SYSCTL_H 1
| /* end confdefs.h.  */
| #include <sys/types.h>
| 		#include <sys/param.h>
| 
| int
| main ()
| {
| #if BYTE_ORDER != BIG_ENDIAN
| 		 not big endian
| 		#endif
| 
|   ;
|   return 0;
| }
configure:6103: result: no
configure:6121: checking for uint8_t
configure:6121: gcc -std=gnu99 -c -O3  conftest.c >&5
configure:6121: $? = 0
configure:6121: result: yes
configure:6135: checking for uint16_t
configure:6135: gcc -std=gnu99 -c -O3  conftest.c >&5
configure:6135: $? = 0
configure:6135: result: yes
configure:6147: checking for uint32_t
configure:6147: gcc -std=gnu99 -c -O3  conftest.c >&5
configure:6147: $? = 0
configure:6147: result: yes
configure:6161: checking for uint64_t
configure:6161: gcc -std=gnu99 -c -O3  conftest.c >&5
configure:6161: $? = 0
configure:6161: result: yes
configure:6175: checking for off_t
configure:6175: gcc -std=gnu99 -c -O3  conftest.c >&5
configure:6175: $? = 0
configure:6175: gcc -std=gnu99 -c -O3  conftest.c >&5
conftest.c: In function 'main':
conftest.c:78: error: expected expression before ')' token
configure:6175: $? = 1
configure: failed program was:
| /* confdefs.h */
| #define PACKAGE_NAME "HMMER"
| #define PACKAGE_TARNAME "hmmer"
| #define PACKAGE_VERSION "3.2"
| #define PACKAGE_STRING "HMMER 3.2"
| #define PACKAGE_BUGREPORT "sean@eddylab.org"
| #define PACKAGE_URL ""
| #define HMMER_DATE "June 2018"
| #define HMMER_COPYRIGHT "Copyright (C) 2018 Howard Hughes Medical Institute."
| #define HMMER_LICENSE "Freely distributed under the BSD open source license."
| #define HMMER_VERSION "3.2"
| #define HMMER_URL "http://hmmer.org/"
| #define EASEL_DATE "June 2018"
| #define EASEL_COPYRIGHT "Copyright (C) 2018 Howard Hughes Medical Institute."
| #define EASEL_LICENSE "Freely distributed under the BSD open source license."
| #define EASEL_VERSION "0.44"
| #define eslDEBUGLEVEL 0
| #define HAVE_PTHREAD 1
| #define HMMER_THREADS 1
| #define eslENABLE_SSE 1
| #define HAVE_FLUSH_ZERO_MODE 1
| #define HAVE_GZIP 1
| #define STDC_HEADERS 1
| #define HAVE_SYS_TYPES_H 1
| #define HAVE_SYS_STAT_H 1
| #define HAVE_STDLIB_H 1
| #define HAVE_STRING_H 1
| #define HAVE_MEMORY_H 1
| #define HAVE_STRINGS_H 1
| #define HAVE_INTTYPES_H 1
| #define HAVE_STDINT_H 1
| #define HAVE_UNISTD_H 1
| #define HAVE_ENDIAN_H 1
| #define HAVE_INTTYPES_H 1
| #define HAVE_STDINT_H 1
| #define HAVE_UNISTD_H 1
| #define HAVE_SYS_TYPES_H 1
| #define HAVE_NETINET_IN_H 1
| #define HAVE_SYS_PARAM_H 1
| #define HAVE_SYS_SYSCTL_H 1
| /* end confdefs.h.  */
| #include <stdio.h>
| #ifdef HAVE_SYS_TYPES_H
| # include <sys/types.h>
| #endif
| #ifdef HAVE_SYS_STAT_H
| # include <sys/stat.h>
| #endif
| #ifdef STDC_HEADERS
| # include <stdlib.h>
| # include <stddef.h>
| #else
| # ifdef HAVE_STDLIB_H
| #  include <stdlib.h>
| # endif
| #endif
| #ifdef HAVE_STRING_H
| # if !defined STDC_HEADERS && defined HAVE_MEMORY_H
| #  include <memory.h>
| # endif
| # include <string.h>
| #endif
| #ifdef HAVE_STRINGS_H
| # include <strings.h>
| #endif
| #ifdef HAVE_INTTYPES_H
| # include <inttypes.h>
| #endif
| #ifdef HAVE_STDINT_H
| # include <stdint.h>
| #endif
| #ifdef HAVE_UNISTD_H
| # include <unistd.h>
| #endif
| int
| main ()
| {
| if (sizeof ((off_t)))
| 	    return 0;
|   ;
|   return 0;
| }
configure:6175: result: yes
configure:6211: checking for __attribute__((noreturn))
configure:6232: gcc -std=gnu99 -o conftest -O3   conftest.c -lrt  >&5
configure:6232: $? = 0
configure:6245: result: yes
configure:6277: checking for __attribute__((format))
configure:6298: gcc -std=gnu99 -o conftest -O3   conftest.c -lrt  >&5
configure:6298: $? = 0
configure:6311: result: yes
configure:6333: checking for mkstemp
configure:6333: gcc -std=gnu99 -o conftest -O3   conftest.c -lrt  >&5
configure:6333: $? = 0
configure:6333: result: yes
configure:6344: checking for popen
configure:6344: gcc -std=gnu99 -o conftest -O3   conftest.c -lrt  >&5
configure:6344: $? = 0
configure:6344: result: yes
configure:6355: checking for putenv
configure:6355: gcc -std=gnu99 -o conftest -O3   conftest.c -lrt  >&5
configure:6355: $? = 0
configure:6355: result: yes
configure:6366: checking for strcasecmp
configure:6366: gcc -std=gnu99 -o conftest -O3   conftest.c -lrt  >&5
conftest.c:70: warning: conflicting types for built-in function 'strcasecmp'
configure:6366: $? = 0
configure:6366: result: yes
configure:6377: checking for strsep
configure:6377: gcc -std=gnu99 -o conftest -O3   conftest.c -lrt  >&5
configure:6377: $? = 0
configure:6377: result: yes
configure:6388: checking for times
configure:6388: gcc -std=gnu99 -o conftest -O3   conftest.c -lrt  >&5
configure:6388: $? = 0
configure:6388: result: yes
configure:6399: checking for getpid
configure:6399: gcc -std=gnu99 -o conftest -O3   conftest.c -lrt  >&5
configure:6399: $? = 0
configure:6399: result: yes
configure:6410: checking for sysctl
configure:6410: gcc -std=gnu99 -o conftest -O3   conftest.c -lrt  >&5
configure:6410: $? = 0
configure:6410: result: yes
configure:6421: checking for sysconf
configure:6421: gcc -std=gnu99 -o conftest -O3   conftest.c -lrt  >&5
configure:6421: $? = 0
configure:6421: result: yes
configure:6432: checking for getcwd
configure:6432: gcc -std=gnu99 -o conftest -O3   conftest.c -lrt  >&5
configure:6432: $? = 0
configure:6432: result: yes
configure:6443: checking for chmod
configure:6443: gcc -std=gnu99 -o conftest -O3   conftest.c -lrt  >&5
configure:6443: $? = 0
configure:6443: result: yes
configure:6454: checking for stat
configure:6454: gcc -std=gnu99 -o conftest -O3   conftest.c -lrt  >&5
configure:6454: $? = 0
configure:6454: result: yes
configure:6465: checking for fstat
configure:6465: gcc -std=gnu99 -o conftest -O3   conftest.c -lrt  >&5
configure:6465: $? = 0
configure:6465: result: yes
configure:6476: checking for erfc
configure:6476: gcc -std=gnu99 -o conftest -O3   conftest.c -lrt  >&5
conftest.c:80: warning: conflicting types for built-in function 'erfc'
/tmp/cc8wnAXF.o: In function `main':
conftest.c:(.text+0x7): undefined reference to `erfc'
collect2: ld returned 1 exit status
configure:6476: $? = 1
configure: failed program was:
| /* confdefs.h */
| #define PACKAGE_NAME "HMMER"
| #define PACKAGE_TARNAME "hmmer"
| #define PACKAGE_VERSION "3.2"
| #define PACKAGE_STRING "HMMER 3.2"
| #define PACKAGE_BUGREPORT "sean@eddylab.org"
| #define PACKAGE_URL ""
| #define HMMER_DATE "June 2018"
| #define HMMER_COPYRIGHT "Copyright (C) 2018 Howard Hughes Medical Institute."
| #define HMMER_LICENSE "Freely distributed under the BSD open source license."
| #define HMMER_VERSION "3.2"
| #define HMMER_URL "http://hmmer.org/"
| #define EASEL_DATE "June 2018"
| #define EASEL_COPYRIGHT "Copyright (C) 2018 Howard Hughes Medical Institute."
| #define EASEL_LICENSE "Freely distributed under the BSD open source license."
| #define EASEL_VERSION "0.44"
| #define eslDEBUGLEVEL 0
| #define HAVE_PTHREAD 1
| #define HMMER_THREADS 1
| #define eslENABLE_SSE 1
| #define HAVE_FLUSH_ZERO_MODE 1
| #define HAVE_GZIP 1
| #define STDC_HEADERS 1
| #define HAVE_SYS_TYPES_H 1
| #define HAVE_SYS_STAT_H 1
| #define HAVE_STDLIB_H 1
| #define HAVE_STRING_H 1
| #define HAVE_MEMORY_H 1
| #define HAVE_STRINGS_H 1
| #define HAVE_INTTYPES_H 1
| #define HAVE_STDINT_H 1
| #define HAVE_UNISTD_H 1
| #define HAVE_ENDIAN_H 1
| #define HAVE_INTTYPES_H 1
| #define HAVE_STDINT_H 1
| #define HAVE_UNISTD_H 1
| #define HAVE_SYS_TYPES_H 1
| #define HAVE_NETINET_IN_H 1
| #define HAVE_SYS_PARAM_H 1
| #define HAVE_SYS_SYSCTL_H 1
| #define HAVE_FUNC_ATTRIBUTE_NORETURN 1
| #define HAVE_FUNC_ATTRIBUTE_FORMAT 1
| #define HAVE_MKSTEMP 1
| #define HAVE_POPEN 1
| #define HAVE_PUTENV 1
| #define HAVE_STRCASECMP 1
| #define HAVE_STRSEP 1
| #define HAVE_TIMES 1
| #define HAVE_GETPID 1
| #define HAVE_SYSCTL 1
| #define HAVE_SYSCONF 1
| #define HAVE_GETCWD 1
| #define HAVE_CHMOD 1
| #define HAVE_STAT 1
| #define HAVE_FSTAT 1
| /* end confdefs.h.  */
| /* Define erfc to an innocuous variant, in case <limits.h> declares erfc.
|    For example, HP-UX 11i <limits.h> declares gettimeofday.  */
| #define erfc innocuous_erfc
| 
| /* System header to define __stub macros and hopefully few prototypes,
|     which can conflict with char erfc (); below.
|     Prefer <limits.h> to <assert.h> if __STDC__ is defined, since
|     <limits.h> exists even on freestanding compilers.  */
| 
| #ifdef __STDC__
| # include <limits.h>
| #else
| # include <assert.h>
| #endif
| 
| #undef erfc
| 
| /* Override any GCC internal prototype to avoid an error.
|    Use char because int might match the return type of a GCC
|    builtin and then its argument prototype would still apply.  */
| #ifdef __cplusplus
| extern "C"
| #endif
| char erfc ();
| /* The GNU C library defines this for functions which it implements
|     to always fail with ENOSYS.  Some functions are actually named
|     something starting with __ and the normal name is an alias.  */
| #if defined __stub_erfc || defined __stub___erfc
| choke me
| #endif
| 
| int
| main ()
| {
| return erfc ();
|   ;
|   return 0;
| }
configure:6476: result: no
configure:6486: checking for library containing ntohs
configure:6517: gcc -std=gnu99 -o conftest -O3   conftest.c -lrt  >&5
configure:6517: $? = 0
configure:6534: result: none required
configure:6542: checking for library containing ntohl
configure:6573: gcc -std=gnu99 -o conftest -O3   conftest.c -lrt  >&5
configure:6573: $? = 0
configure:6590: result: none required
configure:6598: checking for library containing htons
configure:6629: gcc -std=gnu99 -o conftest -O3   conftest.c -lrt  >&5
configure:6629: $? = 0
configure:6646: result: none required
configure:6654: checking for library containing htonl
configure:6685: gcc -std=gnu99 -o conftest -O3   conftest.c -lrt  >&5
configure:6685: $? = 0
configure:6702: result: none required
configure:6710: checking for library containing socket
configure:6741: gcc -std=gnu99 -o conftest -O3   conftest.c -lrt  >&5
configure:6741: $? = 0
configure:6758: result: none required
configure:6766: checking for library containing inet_pton
configure:6797: gcc -std=gnu99 -o conftest -O3   conftest.c -lrt  >&5
configure:6797: $? = 0
configure:6814: result: none required
configure:6823: checking for _LARGEFILE_SOURCE value needed for large files
configure:6842: gcc -std=gnu99 -o conftest -O3   conftest.c -lrt  >&5
configure:6842: $? = 0
configure:6870: result: no
configure:6903: checking for special C compiler options needed for large files
configure:6948: result: no
configure:6954: checking for _FILE_OFFSET_BITS value needed for large files
configure:6979: gcc -std=gnu99 -c -O3  conftest.c >&5
configure:6979: $? = 0
configure:7011: result: no
configure:7261: creating ./config.status

## ---------------------- ##
## Running config.status. ##
## ---------------------- ##

This file was extended by HMMER config.status 3.2, which was
generated by GNU Autoconf 2.69.  Invocation command line was

  CONFIG_FILES    = 
  CONFIG_HEADERS  = 
  CONFIG_LINKS    = 
  CONFIG_COMMANDS = 
  $ ./config.status 

on omics.soic.indiana.edu

config.status:947: creating Makefile
config.status:947: creating src/Makefile
config.status:947: creating testsuite/Makefile
config.status:947: creating profmark/Makefile
config.status:947: creating src/impl_sse/Makefile
config.status:947: creating documentation/Makefile
config.status:947: creating documentation/man/Makefile
config.status:947: creating documentation/userguide/Makefile
config.status:947: creating libdivsufsort/Makefile
config.status:947: creating easel/Makefile
config.status:947: creating easel/miniapps/Makefile
config.status:947: creating easel/testsuite/Makefile
config.status:947: creating easel/documentation/Makefile
config.status:947: creating documentation/userguide/titlepage.tex
config.status:947: creating documentation/userguide/copyright.tex
config.status:947: creating documentation/man/alimask.man
config.status:947: creating documentation/man/hmmalign.man
config.status:947: creating documentation/man/hmmbuild.man
config.status:947: creating documentation/man/hmmconvert.man
config.status:947: creating documentation/man/hmmemit.man
config.status:947: creating documentation/man/hmmer.man
config.status:947: creating documentation/man/hmmfetch.man
config.status:947: creating documentation/man/hmmlogo.man
config.status:947: creating documentation/man/hmmpgmd.man
config.status:947: creating documentation/man/hmmpress.man
config.status:947: creating documentation/man/hmmscan.man
config.status:947: creating documentation/man/hmmsearch.man
config.status:947: creating documentation/man/hmmsim.man
config.status:947: creating documentation/man/hmmstat.man
config.status:947: creating documentation/man/jackhmmer.man
config.status:947: creating documentation/man/makehmmerdb.man
config.status:947: creating documentation/man/nhmmer.man
config.status:947: creating documentation/man/nhmmscan.man
config.status:947: creating documentation/man/phmmer.man
config.status:947: creating easel/miniapps/esl-afetch.man
config.status:947: creating easel/miniapps/esl-alimanip.man
config.status:947: creating easel/miniapps/esl-alimap.man
config.status:947: creating easel/miniapps/esl-alimask.man
config.status:947: creating easel/miniapps/esl-alimerge.man
config.status:947: creating easel/miniapps/esl-alipid.man
config.status:947: creating easel/miniapps/esl-alirev.man
config.status:947: creating easel/miniapps/esl-alistat.man
config.status:947: creating easel/miniapps/esl-compalign.man
config.status:947: creating easel/miniapps/esl-compstruct.man
config.status:947: creating easel/miniapps/esl-construct.man
config.status:947: creating easel/miniapps/esl-histplot.man
config.status:947: creating easel/miniapps/esl-mask.man
config.status:947: creating easel/miniapps/esl-reformat.man
config.status:947: creating easel/miniapps/esl-selectn.man
config.status:947: creating easel/miniapps/esl-seqrange.man
config.status:947: creating easel/miniapps/esl-seqstat.man
config.status:947: creating easel/miniapps/esl-sfetch.man
config.status:947: creating easel/miniapps/esl-shuffle.man
config.status:947: creating easel/miniapps/esl-ssdraw.man
config.status:947: creating easel/miniapps/esl-translate.man
config.status:947: creating easel/miniapps/esl-weight.man
config.status:947: creating easel/decoy_config.h
config.status:947: creating src/p7_config.h
config.status:947: creating easel/esl_config.h
config.status:947: creating libdivsufsort/divsufsort.h
config.status:1148: linking src/impl_sse to src/impl

## ---------------- ##
## Cache variables. ##
## ---------------- ##

ac_cv_build=x86_64-pc-linux-gnu
ac_cv_c_bigendian=no
ac_cv_c_compiler_gnu=yes
ac_cv_c_uint16_t=yes
ac_cv_c_uint32_t=yes
ac_cv_c_uint64_t=yes
ac_cv_c_uint8_t=yes
ac_cv_env_CC_set=
ac_cv_env_CC_value=
ac_cv_env_CFLAGS_set=
ac_cv_env_CFLAGS_value=
ac_cv_env_CPPFLAGS_set=
ac_cv_env_CPPFLAGS_value=
ac_cv_env_CPP_set=
ac_cv_env_CPP_value=
ac_cv_env_LDFLAGS_set=
ac_cv_env_LDFLAGS_value=
ac_cv_env_LIBS_set=
ac_cv_env_LIBS_value=
ac_cv_env_MPICC_set=
ac_cv_env_MPICC_value=
ac_cv_env_build_alias_set=
ac_cv_env_build_alias_value=
ac_cv_env_host_alias_set=
ac_cv_env_host_alias_value=
ac_cv_env_target_alias_set=
ac_cv_env_target_alias_value=
ac_cv_func_chmod=yes
ac_cv_func_erfc=no
ac_cv_func_fstat=yes
ac_cv_func_getcwd=yes
ac_cv_func_getpid=yes
ac_cv_func_mkstemp=yes
ac_cv_func_popen=yes
ac_cv_func_putenv=yes
ac_cv_func_stat=yes
ac_cv_func_strcasecmp=yes
ac_cv_func_strsep=yes
ac_cv_func_sysconf=yes
ac_cv_func_sysctl=yes
ac_cv_func_times=yes
ac_cv_header_endian_h=yes
ac_cv_header_inttypes_h=yes
ac_cv_header_memory_h=yes
ac_cv_header_netinet_in_h=yes
ac_cv_header_stdc=yes
ac_cv_header_stdint_h=yes
ac_cv_header_stdlib_h=yes
ac_cv_header_string_h=yes
ac_cv_header_strings_h=yes
ac_cv_header_sys_param_h=yes
ac_cv_header_sys_stat_h=yes
ac_cv_header_sys_sysctl_h=yes
ac_cv_header_sys_types_h=yes
ac_cv_header_unistd_h=yes
ac_cv_host=x86_64-pc-linux-gnu
ac_cv_objext=o
ac_cv_path_AR=/usr/bin/ar
ac_cv_path_EGREP='/bin/grep -E'
ac_cv_path_GREP=/bin/grep
ac_cv_path_HAVE_GZIP=/bin/gzip
ac_cv_path_SED=/bin/sed
ac_cv_path_install='/usr/bin/install -c'
ac_cv_prog_CPP='gcc -E'
ac_cv_prog_ac_ct_CC=gcc
ac_cv_prog_ac_ct_RANLIB=ranlib
ac_cv_prog_cc_c89=
ac_cv_prog_cc_c99=-std=gnu99
ac_cv_prog_cc_g=yes
ac_cv_prog_cc_stdc=-std=gnu99
ac_cv_search_clock_gettime=-lrt
ac_cv_search_htonl='none required'
ac_cv_search_htons='none required'
ac_cv_search_inet_pton='none required'
ac_cv_search_ntohl='none required'
ac_cv_search_ntohs='none required'
ac_cv_search_socket='none required'
ac_cv_sys_file_offset_bits=no
ac_cv_sys_largefile_CC=no
ac_cv_sys_largefile_source=no
ac_cv_type_off_t=yes
ax_cv_PTHREAD_CLANG=no
ax_cv_PTHREAD_JOINABLE_ATTR=PTHREAD_CREATE_JOINABLE
ax_cv_PTHREAD_PRIO_INHERIT=no
ax_cv_PTHREAD_SPECIAL_FLAGS=no
ax_cv_c_compiler_vendor=gnu
ax_cv_have_func_attribute_format=yes
ax_cv_have_func_attribute_noreturn=yes

## ----------------- ##
## Output variables. ##
## ----------------- ##

AR='/usr/bin/ar'
AVX512_CFLAGS=''
AVX_CFLAGS=''
CC='gcc -std=gnu99'
CFLAGS='-O3'
CPP='gcc -E'
CPPFLAGS=''
DEFS='-DHAVE_CONFIG_H'
EASEL_COPYRIGHT='Copyright (C) 2018 Howard Hughes Medical Institute.'
EASEL_DATE='June 2018'
EASEL_LICENSE='Freely distributed under the BSD open source license.'
EASEL_URL='http://bioeasel.org/'
EASEL_VERSION='0.44'
ECHO_C=''
ECHO_N='-n'
ECHO_T=''
EGREP='/bin/grep -E'
EXEEXT=''
GREP='/bin/grep'
GROUPHMMERLIBS='-Wl,--start-group -lhmmer -lhmmerimpl -Wl,--end-group'
HAVE_GZIP='/bin/gzip'
HMMERIMPLLIB='impl_sse/libhmmerimpl.a'
HMMER_COPYRIGHT='Copyright (C) 2018 Howard Hughes Medical Institute.'
HMMER_DATE='June 2018'
HMMER_ESLDIR='easel'
HMMER_LICENSE='Freely distributed under the BSD open source license.'
HMMER_SADIR='libdivsufsort'
HMMER_URL='http://hmmer.org/'
HMMER_VERSION='3.2'
IMPL_CHOICE='sse'
INSTALL_DATA='${INSTALL} -m 644'
INSTALL_PROGRAM='${INSTALL}'
INSTALL_SCRIPT='${INSTALL}'
LDFLAGS=''
LIBGSL=''
LIBOBJS=''
LIBS='-lrt '
LN_S='ln -s'
LTLIBOBJS=''
MPICC=''
MPILIBS=''
MPI_BENCHMARKS=''
MPI_UTESTS=''
NEON_CFLAGS=''
OBJEXT='o'
PACKAGE_BUGREPORT='sean@eddylab.org'
PACKAGE_NAME='HMMER'
PACKAGE_STRING='HMMER 3.2'
PACKAGE_TARNAME='hmmer'
PACKAGE_URL=''
PACKAGE_VERSION='3.2'
PATH_SEPARATOR=':'
PTHREAD_CC='gcc -std=gnu99'
PTHREAD_CFLAGS='-pthread'
PTHREAD_LIBS=''
RANLIB='ranlib'
SED='/bin/sed'
SHELL='/bin/sh'
SSE4_CFLAGS=''
SSE_CFLAGS=''
VMX_CFLAGS=''
ac_ct_CC='gcc'
ax_pthread_config=''
bindir='${exec_prefix}/bin'
build='x86_64-pc-linux-gnu'
build_alias=''
build_cpu='x86_64'
build_os='linux-gnu'
build_vendor='pc'
datadir='${datarootdir}'
datarootdir='${prefix}/share'
docdir='${datarootdir}/doc/${PACKAGE_TARNAME}'
dvidir='${docdir}'
exec_prefix='${prefix}'
host='x86_64-pc-linux-gnu'
host_alias=''
host_cpu='x86_64'
host_os='linux-gnu'
host_vendor='pc'
htmldir='${docdir}'
includedir='${prefix}/include'
infodir='${datarootdir}/info'
libdir='${exec_prefix}/lib'
libexecdir='${exec_prefix}/libexec'
localedir='${datarootdir}/locale'
localstatedir='${prefix}/var'
mandir='${datarootdir}/man'
oldincludedir='/usr/include'
pdfdir='${docdir}'
prefix='/usr/local'
program_transform_name='s,x,x,'
psdir='${docdir}'
sbindir='${exec_prefix}/sbin'
sharedstatedir='${prefix}/com'
sysconfdir='${prefix}/etc'
target_alias=''

## ----------- ##
## confdefs.h. ##
## ----------- ##

/* confdefs.h */
#define PACKAGE_NAME "HMMER"
#define PACKAGE_TARNAME "hmmer"
#define PACKAGE_VERSION "3.2"
#define PACKAGE_STRING "HMMER 3.2"
#define PACKAGE_BUGREPORT "sean@eddylab.org"
#define PACKAGE_URL ""
#define HMMER_DATE "June 2018"
#define HMMER_COPYRIGHT "Copyright (C) 2018 Howard Hughes Medical Institute."
#define HMMER_LICENSE "Freely distributed under the BSD open source license."
#define HMMER_VERSION "3.2"
#define HMMER_URL "http://hmmer.org/"
#define EASEL_DATE "June 2018"
#define EASEL_COPYRIGHT "Copyright (C) 2018 Howard Hughes Medical Institute."
#define EASEL_LICENSE "Freely distributed under the BSD open source license."
#define EASEL_VERSION "0.44"
#define eslDEBUGLEVEL 0
#define HAVE_PTHREAD 1
#define HMMER_THREADS 1
#define eslENABLE_SSE 1
#define HAVE_FLUSH_ZERO_MODE 1
#define HAVE_GZIP 1
#define STDC_HEADERS 1
#define HAVE_SYS_TYPES_H 1
#define HAVE_SYS_STAT_H 1
#define HAVE_STDLIB_H 1
#define HAVE_STRING_H 1
#define HAVE_MEMORY_H 1
#define HAVE_STRINGS_H 1
#define HAVE_INTTYPES_H 1
#define HAVE_STDINT_H 1
#define HAVE_UNISTD_H 1
#define HAVE_ENDIAN_H 1
#define HAVE_INTTYPES_H 1
#define HAVE_STDINT_H 1
#define HAVE_UNISTD_H 1
#define HAVE_SYS_TYPES_H 1
#define HAVE_NETINET_IN_H 1
#define HAVE_SYS_PARAM_H 1
#define HAVE_SYS_SYSCTL_H 1
#define HAVE_FUNC_ATTRIBUTE_NORETURN 1
#define HAVE_FUNC_ATTRIBUTE_FORMAT 1
#define HAVE_MKSTEMP 1
#define HAVE_POPEN 1
#define HAVE_PUTENV 1
#define HAVE_STRCASECMP 1
#define HAVE_STRSEP 1
#define HAVE_TIMES 1
#define HAVE_GETPID 1
#define HAVE_SYSCTL 1
#define HAVE_SYSCONF 1
#define HAVE_GETCWD 1
#define HAVE_CHMOD 1
#define HAVE_STAT 1
#define HAVE_FSTAT 1
#define HAVE_FSEEKO 1

configure: exit 0
